\BOOKMARK [0][-]{chapter.1}{\376\377\000M\000o\000d\000u\000l\000e\000\040\000I\000n\000d\000e\000x}{}% 1
\BOOKMARK [1][-]{section.1.1}{\376\377\000M\000o\000d\000u\000l\000e\000s}{chapter.1}% 2
\BOOKMARK [0][-]{chapter.2}{\376\377\000M\000o\000d\000u\000l\000e\000\040\000D\000o\000c\000u\000m\000e\000n\000t\000a\000t\000i\000o\000n}{}% 3
\BOOKMARK [1][-]{section.2.1}{\376\377\000L\000i\000b\000r\000a\000r\000y\000\040\000f\000u\000n\000c\000t\000i\000o\000n\000s}{chapter.2}% 4
\BOOKMARK [2][-]{subsection.2.1.1}{\376\377\000D\000e\000t\000a\000i\000l\000e\000d\000\040\000D\000e\000s\000c\000r\000i\000p\000t\000i\000o\000n}{section.2.1}% 5
\BOOKMARK [2][-]{subsection.2.1.2}{\376\377\000F\000u\000n\000c\000t\000i\000o\000n\000\040\000D\000o\000c\000u\000m\000e\000n\000t\000a\000t\000i\000o\000n}{section.2.1}% 6
\BOOKMARK [3][-]{subsubsection.2.1.2.1}{\376\377\000\137\000\137\000a\000t\000t\000r\000i\000b\000u\000t\000e\000\137\000\137}{subsection.2.1.2}% 7
\BOOKMARK [3][-]{subsubsection.2.1.2.2}{\376\377\000\137\000\137\000a\000t\000t\000r\000i\000b\000u\000t\000e\000\137\000\137}{subsection.2.1.2}% 8
\BOOKMARK [3][-]{subsubsection.2.1.2.3}{\376\377\000g\000l\000t\000\137\000f\000i\000n\000a\000l\000i\000z\000e}{subsection.2.1.2}% 9
\BOOKMARK [3][-]{subsubsection.2.1.2.4}{\376\377\000g\000l\000t\000\137\000i\000n\000i\000t}{subsection.2.1.2}% 10
\BOOKMARK [1][-]{section.2.2}{\376\377\000B\000a\000r\000r\000i\000e\000r\000\040\000f\000u\000n\000c\000t\000i\000o\000n\000s}{chapter.2}% 11
\BOOKMARK [2][-]{subsection.2.2.1}{\376\377\000D\000e\000t\000a\000i\000l\000e\000d\000\040\000D\000e\000s\000c\000r\000i\000p\000t\000i\000o\000n}{section.2.2}% 12
\BOOKMARK [2][-]{subsection.2.2.2}{\376\377\000F\000u\000n\000c\000t\000i\000o\000n\000\040\000D\000o\000c\000u\000m\000e\000n\000t\000a\000t\000i\000o\000n}{section.2.2}% 13
\BOOKMARK [3][-]{subsubsection.2.2.2.1}{\376\377\000g\000l\000t\000\137\000b\000a\000r\000r\000i\000e\000r\000\137\000c\000r\000e\000a\000t\000e}{subsection.2.2.2}% 14
\BOOKMARK [3][-]{subsubsection.2.2.2.2}{\376\377\000g\000l\000t\000\137\000b\000a\000r\000r\000i\000e\000r\000\137\000f\000r\000e\000e}{subsection.2.2.2}% 15
\BOOKMARK [3][-]{subsubsection.2.2.2.3}{\376\377\000g\000l\000t\000\137\000b\000a\000r\000r\000i\000e\000r\000\137\000w\000a\000i\000t}{subsection.2.2.2}% 16
\BOOKMARK [1][-]{section.2.3}{\376\377\000C\000o\000n\000d\000i\000t\000i\000o\000n\000\040\000f\000u\000n\000c\000t\000i\000o\000n\000s}{chapter.2}% 17
\BOOKMARK [2][-]{subsection.2.3.1}{\376\377\000D\000e\000t\000a\000i\000l\000e\000d\000\040\000D\000e\000s\000c\000r\000i\000p\000t\000i\000o\000n}{section.2.3}% 18
\BOOKMARK [2][-]{subsection.2.3.2}{\376\377\000F\000u\000n\000c\000t\000i\000o\000n\000\040\000D\000o\000c\000u\000m\000e\000n\000t\000a\000t\000i\000o\000n}{section.2.3}% 19
\BOOKMARK [3][-]{subsubsection.2.3.2.1}{\376\377\000g\000l\000t\000\137\000c\000o\000n\000d\000\137\000b\000r\000o\000a\000d\000c\000a\000s\000t}{subsection.2.3.2}% 20
\BOOKMARK [3][-]{subsubsection.2.3.2.2}{\376\377\000g\000l\000t\000\137\000c\000o\000n\000d\000\137\000c\000r\000e\000a\000t\000e}{subsection.2.3.2}% 21
\BOOKMARK [3][-]{subsubsection.2.3.2.3}{\376\377\000g\000l\000t\000\137\000c\000o\000n\000d\000\137\000f\000r\000e\000e}{subsection.2.3.2}% 22
\BOOKMARK [3][-]{subsubsection.2.3.2.4}{\376\377\000g\000l\000t\000\137\000c\000o\000n\000d\000\137\000s\000i\000g\000n\000a\000l}{subsection.2.3.2}% 23
\BOOKMARK [3][-]{subsubsection.2.3.2.5}{\376\377\000g\000l\000t\000\137\000c\000o\000n\000d\000\137\000w\000a\000i\000t}{subsection.2.3.2}% 24
\BOOKMARK [1][-]{section.2.4}{\376\377\000M\000u\000t\000e\000x\000\040\000f\000u\000n\000c\000t\000i\000o\000n\000s}{chapter.2}% 25
\BOOKMARK [2][-]{subsection.2.4.1}{\376\377\000D\000e\000t\000a\000i\000l\000e\000d\000\040\000D\000e\000s\000c\000r\000i\000p\000t\000i\000o\000n}{section.2.4}% 26
\BOOKMARK [2][-]{subsection.2.4.2}{\376\377\000F\000u\000n\000c\000t\000i\000o\000n\000\040\000D\000o\000c\000u\000m\000e\000n\000t\000a\000t\000i\000o\000n}{section.2.4}% 27
\BOOKMARK [3][-]{subsubsection.2.4.2.1}{\376\377\000g\000l\000t\000\137\000m\000u\000t\000e\000x\000\137\000c\000r\000e\000a\000t\000e}{subsection.2.4.2}% 28
\BOOKMARK [3][-]{subsubsection.2.4.2.2}{\376\377\000g\000l\000t\000\137\000m\000u\000t\000e\000x\000\137\000f\000r\000e\000e}{subsection.2.4.2}% 29
\BOOKMARK [3][-]{subsubsection.2.4.2.3}{\376\377\000g\000l\000t\000\137\000m\000u\000t\000e\000x\000\137\000l\000o\000c\000k}{subsection.2.4.2}% 30
\BOOKMARK [3][-]{subsubsection.2.4.2.4}{\376\377\000g\000l\000t\000\137\000m\000u\000t\000e\000x\000\137\000t\000r\000y\000l\000o\000c\000k}{subsection.2.4.2}% 31
\BOOKMARK [3][-]{subsubsection.2.4.2.5}{\376\377\000g\000l\000t\000\137\000m\000u\000t\000e\000x\000\137\000u\000n\000l\000o\000c\000k}{subsection.2.4.2}% 32
\BOOKMARK [1][-]{section.2.5}{\376\377\000W\000o\000r\000k\000-\000u\000n\000i\000t\000s\000\040\000f\000u\000n\000c\000t\000i\000o\000n\000s}{chapter.2}% 33
\BOOKMARK [2][-]{subsection.2.5.1}{\376\377\000D\000e\000t\000a\000i\000l\000e\000d\000\040\000D\000e\000s\000c\000r\000i\000p\000t\000i\000o\000n}{section.2.5}% 34
\BOOKMARK [2][-]{subsection.2.5.2}{\376\377\000F\000u\000n\000c\000t\000i\000o\000n\000\040\000D\000o\000c\000u\000m\000e\000n\000t\000a\000t\000i\000o\000n}{section.2.5}% 35
\BOOKMARK [3][-]{subsubsection.2.5.2.1}{\376\377\000g\000l\000t\000\137\000t\000a\000s\000k\000l\000e\000t\000\137\000c\000a\000n\000c\000e\000l}{subsection.2.5.2}% 36
\BOOKMARK [3][-]{subsubsection.2.5.2.2}{\376\377\000g\000l\000t\000\137\000t\000a\000s\000k\000l\000e\000t\000\137\000c\000r\000e\000a\000t\000e}{subsection.2.5.2}% 37
\BOOKMARK [3][-]{subsubsection.2.5.2.3}{\376\377\000g\000l\000t\000\137\000t\000a\000s\000k\000l\000e\000t\000\137\000c\000r\000e\000a\000t\000e\000\137\000t\000o}{subsection.2.5.2}% 38
\BOOKMARK [3][-]{subsubsection.2.5.2.4}{\376\377\000g\000l\000t\000\137\000t\000a\000s\000k\000l\000e\000t\000\137\000j\000o\000i\000n}{subsection.2.5.2}% 39
\BOOKMARK [3][-]{subsubsection.2.5.2.5}{\376\377\000g\000l\000t\000\137\000t\000a\000s\000k\000l\000e\000t\000\137\000m\000a\000l\000l\000o\000c}{subsection.2.5.2}% 40
\BOOKMARK [3][-]{subsubsection.2.5.2.6}{\376\377\000g\000l\000t\000\137\000t\000a\000s\000k\000l\000e\000t\000\137\000s\000e\000l\000f}{subsection.2.5.2}% 41
\BOOKMARK [3][-]{subsubsection.2.5.2.7}{\376\377\000g\000l\000t\000\137\000u\000l\000t\000\137\000c\000a\000n\000c\000e\000l}{subsection.2.5.2}% 42
\BOOKMARK [3][-]{subsubsection.2.5.2.8}{\376\377\000g\000l\000t\000\137\000u\000l\000t\000\137\000c\000r\000e\000a\000t\000e}{subsection.2.5.2}% 43
\BOOKMARK [3][-]{subsubsection.2.5.2.9}{\376\377\000g\000l\000t\000\137\000u\000l\000t\000\137\000c\000r\000e\000a\000t\000e\000\137\000t\000o}{subsection.2.5.2}% 44
\BOOKMARK [3][-]{subsubsection.2.5.2.10}{\376\377\000g\000l\000t\000\137\000u\000l\000t\000\137\000e\000x\000i\000t}{subsection.2.5.2}% 45
\BOOKMARK [3][-]{subsubsection.2.5.2.11}{\376\377\000g\000l\000t\000\137\000u\000l\000t\000\137\000g\000e\000t\000\137\000i\000d}{subsection.2.5.2}% 46
\BOOKMARK [3][-]{subsubsection.2.5.2.12}{\376\377\000g\000l\000t\000\137\000u\000l\000t\000\137\000j\000o\000i\000n}{subsection.2.5.2}% 47
\BOOKMARK [3][-]{subsubsection.2.5.2.13}{\376\377\000g\000l\000t\000\137\000u\000l\000t\000\137\000m\000a\000l\000l\000o\000c}{subsection.2.5.2}% 48
\BOOKMARK [3][-]{subsubsection.2.5.2.14}{\376\377\000g\000l\000t\000\137\000u\000l\000t\000\137\000m\000i\000g\000r\000a\000t\000e\000\137\000s\000e\000l\000f\000\137\000t\000o}{subsection.2.5.2}% 49
\BOOKMARK [3][-]{subsubsection.2.5.2.15}{\376\377\000g\000l\000t\000\137\000u\000l\000t\000\137\000s\000e\000l\000f}{subsection.2.5.2}% 50
\BOOKMARK [3][-]{subsubsection.2.5.2.16}{\376\377\000g\000l\000t\000\137\000w\000o\000r\000k\000u\000n\000i\000t\000\137\000g\000e\000t\000\137\000t\000h\000r\000e\000a\000d\000\137\000i\000d}{subsection.2.5.2}% 51
\BOOKMARK [3][-]{subsubsection.2.5.2.17}{\376\377\000g\000l\000t\000\137\000y\000i\000e\000l\000d}{subsection.2.5.2}% 52
\BOOKMARK [3][-]{subsubsection.2.5.2.18}{\376\377\000g\000l\000t\000\137\000y\000i\000e\000l\000d\000\137\000t\000o}{subsection.2.5.2}% 53
\BOOKMARK [1][-]{section.2.6}{\376\377\000T\000i\000m\000e\000r\000\040\000f\000u\000n\000c\000t\000i\000o\000n\000s}{chapter.2}% 54
\BOOKMARK [2][-]{subsection.2.6.1}{\376\377\000D\000e\000t\000a\000i\000l\000e\000d\000\040\000D\000e\000s\000c\000r\000i\000p\000t\000i\000o\000n}{section.2.6}% 55
\BOOKMARK [2][-]{subsection.2.6.2}{\376\377\000F\000u\000n\000c\000t\000i\000o\000n\000\040\000D\000o\000c\000u\000m\000e\000n\000t\000a\000t\000i\000o\000n}{section.2.6}% 56
\BOOKMARK [3][-]{subsubsection.2.6.2.1}{\376\377\000g\000l\000t\000\137\000g\000e\000t\000\137\000w\000t\000i\000m\000e}{subsection.2.6.2}% 57
\BOOKMARK [3][-]{subsubsection.2.6.2.2}{\376\377\000g\000l\000t\000\137\000t\000i\000m\000e\000r\000\137\000c\000r\000e\000a\000t\000e}{subsection.2.6.2}% 58
\BOOKMARK [3][-]{subsubsection.2.6.2.3}{\376\377\000g\000l\000t\000\137\000t\000i\000m\000e\000r\000\137\000f\000r\000e\000e}{subsection.2.6.2}% 59
\BOOKMARK [3][-]{subsubsection.2.6.2.4}{\376\377\000g\000l\000t\000\137\000t\000i\000m\000e\000r\000\137\000g\000e\000t\000\137\000s\000e\000c\000s}{subsection.2.6.2}% 60
\BOOKMARK [3][-]{subsubsection.2.6.2.5}{\376\377\000g\000l\000t\000\137\000t\000i\000m\000e\000r\000\137\000s\000t\000a\000r\000t}{subsection.2.6.2}% 61
\BOOKMARK [3][-]{subsubsection.2.6.2.6}{\376\377\000g\000l\000t\000\137\000t\000i\000m\000e\000r\000\137\000s\000t\000o\000p}{subsection.2.6.2}% 62
\BOOKMARK [1][-]{section.2.7}{\376\377\000u\000t\000i\000l\000\040\000f\000u\000n\000c\000t\000i\000o\000n\000s}{chapter.2}% 63
\BOOKMARK [2][-]{subsection.2.7.1}{\376\377\000D\000e\000t\000a\000i\000l\000e\000d\000\040\000D\000e\000s\000c\000r\000i\000p\000t\000i\000o\000n}{section.2.7}% 64
\BOOKMARK [2][-]{subsection.2.7.2}{\376\377\000F\000u\000n\000c\000t\000i\000o\000n\000\040\000D\000o\000c\000u\000m\000e\000n\000t\000a\000t\000i\000o\000n}{section.2.7}% 65
\BOOKMARK [3][-]{subsubsection.2.7.2.1}{\376\377\000g\000l\000t\000\137\000g\000e\000t\000\137\000n\000u\000m\000\137\000t\000h\000r\000e\000a\000d\000s}{subsection.2.7.2}% 66
\BOOKMARK [3][-]{subsubsection.2.7.2.2}{\376\377\000g\000l\000t\000\137\000g\000e\000t\000\137\000t\000h\000r\000e\000a\000d\000\137\000n\000u\000m}{subsection.2.7.2}% 67
\BOOKMARK [1][-]{section.2.8}{\376\377\000S\000c\000h\000e\000d\000u\000l\000e\000r\000\040\000f\000u\000n\000c\000t\000i\000o\000n\000s}{chapter.2}% 68
\BOOKMARK [2][-]{subsection.2.8.1}{\376\377\000D\000e\000t\000a\000i\000l\000e\000d\000\040\000D\000e\000s\000c\000r\000i\000p\000t\000i\000o\000n}{section.2.8}% 69
\BOOKMARK [2][-]{subsection.2.8.2}{\376\377\000F\000u\000n\000c\000t\000i\000o\000n\000\040\000D\000o\000c\000u\000m\000e\000n\000t\000a\000t\000i\000o\000n}{section.2.8}% 70
\BOOKMARK [3][-]{subsubsection.2.8.2.1}{\376\377\000g\000l\000t\000\137\000s\000c\000h\000e\000d\000e\000d\000u\000l\000e\000r\000\137\000c\000r\000e\000a\000t\000e\000\137\000b\000a\000s\000i\000c}{subsection.2.8.2}% 71
\BOOKMARK [3][-]{subsubsection.2.8.2.2}{\376\377\000g\000l\000t\000\137\000s\000c\000h\000e\000d\000u\000l\000e\000r\000\137\000c\000o\000n\000f\000i\000g\000\137\000f\000r\000e\000e}{subsection.2.8.2}% 72
\BOOKMARK [3][-]{subsubsection.2.8.2.3}{\376\377\000g\000l\000t\000\137\000s\000c\000h\000e\000d\000u\000l\000e\000r\000\137\000c\000r\000e\000a\000t\000e}{subsection.2.8.2}% 73
\BOOKMARK [3][-]{subsubsection.2.8.2.4}{\376\377\000g\000l\000t\000\137\000s\000c\000h\000e\000d\000u\000l\000e\000r\000\137\000e\000x\000i\000t}{subsection.2.8.2}% 74
\BOOKMARK [3][-]{subsubsection.2.8.2.5}{\376\377\000g\000l\000t\000\137\000s\000c\000h\000e\000d\000u\000l\000e\000r\000\137\000f\000i\000n\000i\000s\000h}{subsection.2.8.2}% 75
\BOOKMARK [3][-]{subsubsection.2.8.2.6}{\376\377\000g\000l\000t\000\137\000s\000c\000h\000e\000d\000u\000l\000e\000r\000\137\000f\000r\000e\000e}{subsection.2.8.2}% 76
\BOOKMARK [3][-]{subsubsection.2.8.2.7}{\376\377\000g\000l\000t\000\137\000s\000c\000h\000e\000d\000u\000l\000e\000r\000\137\000g\000e\000t\000\137\000d\000a\000t\000a}{subsection.2.8.2}% 77
\BOOKMARK [3][-]{subsubsection.2.8.2.8}{\376\377\000g\000l\000t\000\137\000s\000c\000h\000e\000d\000u\000l\000e\000r\000\137\000g\000e\000t\000\137\000s\000i\000z\000e}{subsection.2.8.2}% 78
\BOOKMARK [3][-]{subsubsection.2.8.2.9}{\376\377\000g\000l\000t\000\137\000s\000c\000h\000e\000d\000u\000l\000e\000r\000\137\000g\000e\000t\000\137\000t\000o\000t\000a\000l\000\137\000s\000i\000z\000e}{subsection.2.8.2}% 79
\BOOKMARK [3][-]{subsubsection.2.8.2.10}{\376\377\000g\000l\000t\000\137\000s\000c\000h\000e\000d\000u\000l\000e\000r\000\137\000h\000a\000s\000\137\000t\000o\000\137\000s\000t\000o\000p}{subsection.2.8.2}% 80
\BOOKMARK [3][-]{subsubsection.2.8.2.11}{\376\377\000g\000l\000t\000\137\000s\000c\000h\000e\000d\000u\000l\000e\000r\000\137\000s\000e\000t\000\137\000d\000a\000t\000a}{subsection.2.8.2}% 81
\BOOKMARK [1][-]{section.2.9}{\376\377\000K\000e\000y\000\040\000f\000u\000n\000c\000t\000i\000o\000n\000s}{chapter.2}% 82
\BOOKMARK [2][-]{subsection.2.9.1}{\376\377\000D\000e\000t\000a\000i\000l\000e\000d\000\040\000D\000e\000s\000c\000r\000i\000p\000t\000i\000o\000n}{section.2.9}% 83
\BOOKMARK [2][-]{subsection.2.9.2}{\376\377\000F\000u\000n\000c\000t\000i\000o\000n\000\040\000D\000o\000c\000u\000m\000e\000n\000t\000a\000t\000i\000o\000n}{section.2.9}% 84
\BOOKMARK [3][-]{subsubsection.2.9.2.1}{\376\377\000g\000l\000t\000\137\000k\000e\000y\000\137\000c\000r\000e\000a\000t\000e}{subsection.2.9.2}% 85
\BOOKMARK [3][-]{subsubsection.2.9.2.2}{\376\377\000g\000l\000t\000\137\000k\000e\000y\000\137\000f\000r\000e\000e}{subsection.2.9.2}% 86
\BOOKMARK [3][-]{subsubsection.2.9.2.3}{\376\377\000g\000l\000t\000\137\000k\000e\000y\000\137\000g\000e\000t}{subsection.2.9.2}% 87
\BOOKMARK [3][-]{subsubsection.2.9.2.4}{\376\377\000g\000l\000t\000\137\000k\000e\000y\000\137\000s\000e\000t}{subsection.2.9.2}% 88
\BOOKMARK [-1][-]{section*.11}{\376\377\000I\000n\000d\000e\000x}{}% 89
